<?xml version="1.0" encoding="UTF-8"?>
<testsuite name="MatrixTest" tests="8" skipped="0" failures="0" errors="0" timestamp="2022-09-11T09:40:12" hostname="DESKTOP-IV8M2VF" time="0.08">
  <properties/>
  <testcase name="extract row from one number matrix" classname="MatrixTest" time="0.026"/>
  <testcase name="extract column from one number matrix" classname="MatrixTest" time="0.0"/>
  <testcase name="extract row from matrix" classname="MatrixTest" time="0.015"/>
  <testcase name="extract row from non square matrix" classname="MatrixTest" time="0.0"/>
  <testcase name="extract column from non square matrix" classname="MatrixTest" time="0.0"/>
  <testcase name="extract column matrix" classname="MatrixTest" time="0.001"/>
  <testcase name="extract row from diff widths matrix" classname="MatrixTest" time="0.0"/>
  <testcase name="extract column from diff widths matrix" classname="MatrixTest" time="0.037"/>
  <system-out><![CDATA[]]></system-out>
  <system-err><![CDATA[]]></system-err>
</testsuite>
